<?xml version="1.0" encoding="UTF-8" ?>
<testsuite failures="0" time="2.129" errors="0" skipped="0" tests="7" name="fr.inria.sacha.spoon.diffSpoon.DiffSpoonTest">
  <properties>
    <property name="java.runtime.name" value="Java(TM) SE Runtime Environment"/>
    <property name="sun.boot.library.path" value="/home/matias/develop/jdk1.7.0_71/jre/lib/amd64"/>
    <property name="java.vm.version" value="24.71-b01"/>
    <property name="java.vm.vendor" value="Oracle Corporation"/>
    <property name="java.vendor.url" value="http://java.oracle.com/"/>
    <property name="path.separator" value=":"/>
    <property name="guice.disable.misplaced.annotation.check" value="true"/>
    <property name="java.vm.name" value="Java HotSpot(TM) 64-Bit Server VM"/>
    <property name="file.encoding.pkg" value="sun.io"/>
    <property name="user.country" value="US"/>
    <property name="sun.java.launcher" value="SUN_STANDARD"/>
    <property name="sun.os.patch.level" value="unknown"/>
    <property name="java.vm.specification.name" value="Java Virtual Machine Specification"/>
    <property name="user.dir" value="/home/matias/develop/code/gumtree-spoon-ast-diff/diffSpoon"/>
    <property name="java.runtime.version" value="1.7.0_71-b14"/>
    <property name="java.awt.graphicsenv" value="sun.awt.X11GraphicsEnvironment"/>
    <property name="java.endorsed.dirs" value="/home/matias/develop/jdk1.7.0_71/jre/lib/endorsed"/>
    <property name="os.arch" value="amd64"/>
    <property name="java.io.tmpdir" value="/tmp"/>
    <property name="line.separator" value="
"/>
    <property name="java.vm.specification.vendor" value="Oracle Corporation"/>
    <property name="os.name" value="Linux"/>
    <property name="classworlds.conf" value="/home/matias/develop/workspace/.metadata/.plugins/org.eclipse.m2e.launching/launches/m2conf3306185926239139341.tmp"/>
    <property name="sun.jnu.encoding" value="UTF-8"/>
    <property name="java.library.path" value="/usr/java/packages/lib/amd64:/usr/lib64:/lib64:/lib:/usr/lib"/>
    <property name="java.specification.name" value="Java Platform API Specification"/>
    <property name="java.class.version" value="51.0"/>
    <property name="sun.management.compiler" value="HotSpot 64-Bit Tiered Compilers"/>
    <property name="os.version" value="3.16.0-23-generic"/>
    <property name="user.home" value="/home/matias"/>
    <property name="user.timezone" value="Europe/Paris"/>
    <property name="java.awt.printerjob" value="sun.print.PSPrinterJob"/>
    <property name="file.encoding" value="UTF-8"/>
    <property name="java.specification.version" value="1.7"/>
    <property name="user.name" value="matias"/>
    <property name="java.class.path" value="/home/matias/develop/eclipse-luna/plugins/org.eclipse.m2e.maven.runtime_1.5.0.20140605-2032/jars/plexus-classworlds-2.5.1.jar"/>
    <property name="org.slf4j.simpleLogger.defaultLogLevel" value="info"/>
    <property name="java.vm.specification.version" value="1.7"/>
    <property name="sun.arch.data.model" value="64"/>
    <property name="java.home" value="/home/matias/develop/jdk1.7.0_71/jre"/>
    <property name="sun.java.command" value="org.codehaus.plexus.classworlds.launcher.Launcher -B install"/>
    <property name="java.specification.vendor" value="Oracle Corporation"/>
    <property name="user.language" value="en"/>
    <property name="awt.toolkit" value="sun.awt.X11.XToolkit"/>
    <property name="java.vm.info" value="mixed mode"/>
    <property name="java.version" value="1.7.0_71"/>
    <property name="java.ext.dirs" value="/home/matias/develop/jdk1.7.0_71/jre/lib/ext:/usr/java/packages/lib/ext"/>
    <property name="securerandom.source" value="file:/dev/./urandom"/>
    <property name="sun.boot.class.path" value="/home/matias/develop/jdk1.7.0_71/jre/lib/resources.jar:/home/matias/develop/jdk1.7.0_71/jre/lib/rt.jar:/home/matias/develop/jdk1.7.0_71/jre/lib/sunrsasign.jar:/home/matias/develop/jdk1.7.0_71/jre/lib/jsse.jar:/home/matias/develop/jdk1.7.0_71/jre/lib/jce.jar:/home/matias/develop/jdk1.7.0_71/jre/lib/charsets.jar:/home/matias/develop/jdk1.7.0_71/jre/lib/jfr.jar:/home/matias/develop/jdk1.7.0_71/jre/classes"/>
    <property name="java.vendor" value="Oracle Corporation"/>
    <property name="maven.home" value="/home/matias/develop/code/gumtree-spoon-ast-diff/diffSpoon/EMBEDDED"/>
    <property name="file.separator" value="/"/>
    <property name="java.vendor.url.bug" value="http://bugreport.sun.com/bugreport/"/>
    <property name="sun.cpu.endian" value="little"/>
    <property name="sun.io.unicode.encoding" value="UnicodeLittle"/>
    <property name="sun.desktop" value="gnome"/>
    <property name="sun.cpu.isalist" value=""/>
  </properties>
  <testcase time="1.037" classname="fr.inria.sacha.spoon.diffSpoon.DiffSpoonTest" name="exampleInsertAndUpdate"/>
  <testcase time="0.232" classname="fr.inria.sacha.spoon.diffSpoon.DiffSpoonTest" name="testMain"/>
  <testcase time="0.089" classname="fr.inria.sacha.spoon.diffSpoon.DiffSpoonTest" name="testAnalyzeStringString"/>
  <testcase time="0.295" classname="fr.inria.sacha.spoon.diffSpoon.DiffSpoonTest" name="exampleSingleUpdate"/>
  <testcase time="0.079" classname="fr.inria.sacha.spoon.diffSpoon.DiffSpoonTest" name="testContent"/>
  <testcase time="0.187" classname="fr.inria.sacha.spoon.diffSpoon.DiffSpoonTest" name="exampleInsert"/>
  <testcase time="0.21" classname="fr.inria.sacha.spoon.diffSpoon.DiffSpoonTest" name="exampleRemoveMethod"/>
</testsuite>